0 verbose cli [ '/usr/bin/node', '/usr/bin/npm', 'start' ]
1 info using npm@8.5.5
2 info using node@v17.9.0
3 timing npm:load:whichnode Completed in 0ms
4 timing config:load:defaults Completed in 2ms
5 timing config:load:file:/usr/lib/node_modules/npm/npmrc Completed in 1ms
6 timing config:load:builtin Completed in 1ms
7 timing config:load:cli Completed in 2ms
8 timing config:load:env Completed in 1ms
9 timing config:load:file:/home/ubuntu/complex-app/client/.npmrc Completed in 0ms
10 timing config:load:project Completed in 15ms
11 timing config:load:file:/home/ubuntu/.npmrc Completed in 1ms
12 timing config:load:user Completed in 1ms
13 timing config:load:file:/usr/etc/npmrc Completed in 0ms
14 timing config:load:global Completed in 0ms
15 timing config:load:validate Completed in 0ms
16 timing config:load:credentials Completed in 1ms
17 timing config:load:setEnvs Completed in 1ms
18 timing config:load Completed in 25ms
19 timing npm:load:configload Completed in 25ms
20 timing npm:load:setTitle Completed in 0ms
21 timing config:load:flatten Completed in 4ms
22 timing npm:load:display Completed in 6ms
23 verbose logfile /home/ubuntu/.npm/_logs/2023-01-08T15_42_54_054Z-debug-0.log
24 timing npm:load:logFile Completed in 6ms
25 timing npm:load:timers Completed in 0ms
26 timing npm:load:configScope Completed in 0ms
27 timing npm:load Completed in 38ms
28 silly logfile start cleaning logs, removing 1 files
29 timing command:run-script Completed in 2954ms
30 timing command:start Completed in 2956ms
31 verbose exit 1
32 timing npm Completed in 3139ms
33 verbose code 1
